# JRE version: OpenJDK Runtime Environment (25.0.1+8) (build 25.0.1+8-27)
# Java VM: OpenJDK 64-Bit Server VM (25.0.1+8-27, mixed mode, sharing, tiered, compressed oops, compressed class ptrs, g1 gc, windows-amd64)
GC Precious Log:
 CardTable entry size: 512
 Card Set container configuration: InlinePtr #cards 4 size 8 Array Of Cards #cards 32 size 80 Howl #buckets 8 coarsen threshold 7372 Howl Bitmap #cards 1024 size 144 coarsen threshold 921 Card regions per heap region 1 cards per card region 8192
 CPUs: 6 total, 6 available
 Memory: 19826M
 Large Page Support: Disabled
 NUMA Support: Disabled
 Compressed Oops: Enabled (Zero based)
 Heap Region Size: 4M
 Heap Min Capacity: 8M
 Heap Initial Capacity: 312M
 Heap Max Capacity: 4960M
 Pre-touch: Disabled
 Parallel Workers: 6
 Concurrent Workers: 2
 Concurrent Refinement Workers: 6
 Periodic GC: Disabled
Heap:
 garbage-first heap   total reserved 5079040K, committed 1298432K, used 1110016K [0x00000006ca000000, 0x0000000800000000)
  region size 4096K, 4 young (16384K), 4 survivors (16384K)
GC Heap Usage History (20 events):
Event: 14.209 {heap After GC invocations=2 (full 0):
 garbage-first heap   total reserved 5079040K, committed 323584K, used 177975K [0x00000006ca000000, 0x0000000800000000)
  region size 4096K, 4 young (16384K), 4 survivors (16384K)
}
Event: 14.215 {heap Before GC invocations=2 (full 0):
 garbage-first heap   total reserved 5079040K, committed 323584K, used 218935K [0x00000006ca000000, 0x0000000800000000)
  region size 4096K, 14 young (57344K), 4 survivors (16384K)
}
Event: 14.234 {heap After GC invocations=3 (full 0):
 garbage-first heap   total reserved 5079040K, committed 323584K, used 218918K [0x00000006ca000000, 0x0000000800000000)
  region size 4096K, 2 young (8192K), 2 survivors (8192K)
}
Event: 14.241 {heap Before GC invocations=3 (full 0):
 garbage-first heap   total reserved 5079040K, committed 323584K, used 247590K [0x00000006ca000000, 0x0000000800000000)
  region size 4096K, 9 young (36864K), 2 survivors (8192K)
}
Event: 14.249 {heap After GC invocations=4 (full 0):
 garbage-first heap   total reserved 5079040K, committed 323584K, used 249959K [0x00000006ca000000, 0x0000000800000000)
  region size 4096K, 2 young (8192K), 2 survivors (8192K)
}
Event: 14.254 {heap Before GC invocations=4 (full 0):
 garbage-first heap   total reserved 5079040K, committed 323584K, used 270439K [0x00000006ca000000, 0x0000000800000000)
  region size 4096K, 7 young (28672K), 2 survivors (8192K)
}
Event: 14.260 {heap After GC invocations=5 (full 0):
 garbage-first heap   total reserved 5079040K, committed 323584K, used 272283K [0x00000006ca000000, 0x0000000800000000)
  region size 4096K, 1 young (4096K), 1 survivors (4096K)
}
Event: 14.263 {heap Before GC invocations=5 (full 0):
 garbage-first heap   total reserved 5079040K, committed 323584K, used 280475K [0x00000006ca000000, 0x0000000800000000)
  region size 4096K, 4 young (16384K), 1 survivors (4096K)
}
Event: 14.268 {heap After GC invocations=6 (full 0):
 garbage-first heap   total reserved 5079040K, committed 970752K, used 286993K [0x00000006ca000000, 0x0000000800000000)
  region size 4096K, 1 young (4096K), 1 survivors (4096K)
}
Event: 14.565 {heap Before GC invocations=7 (full 0):
 garbage-first heap   total reserved 5079040K, committed 970752K, used 540945K [0x00000006ca000000, 0x0000000800000000)
  region size 4096K, 56 young (229376K), 1 survivors (4096K)
}
Event: 14.635 {heap After GC invocations=8 (full 0):
 garbage-first heap   total reserved 5079040K, committed 970752K, used 545041K [0x00000006ca000000, 0x0000000800000000)
  region size 4096K, 7 young (28672K), 7 survivors (28672K)
}
Event: 14.658 {heap Before GC invocations=8 (full 0):
 garbage-first heap   total reserved 5079040K, committed 970752K, used 680209K [0x00000006ca000000, 0x0000000800000000)
  region size 4096K, 40 young (163840K), 7 survivors (28672K)
}
Event: 14.720 {heap After GC invocations=9 (full 0):
 garbage-first heap   total reserved 5079040K, committed 970752K, used 685181K [0x00000006ca000000, 0x0000000800000000)
  region size 4096K, 5 young (20480K), 5 survivors (20480K)
}
Event: 14.736 {heap Before GC invocations=9 (full 0):
 garbage-first heap   total reserved 5079040K, committed 970752K, used 771197K [0x00000006ca000000, 0x0000000800000000)
  region size 4096K, 26 young (106496K), 5 survivors (20480K)
}
Event: 14.763 {heap After GC invocations=10 (full 0):
 garbage-first heap   total reserved 5079040K, committed 970752K, used 777341K [0x00000006ca000000, 0x0000000800000000)
  region size 4096K, 4 young (16384K), 4 survivors (16384K)
}
Event: 14.925 {heap Before GC invocations=11 (full 0):
 garbage-first heap   total reserved 5079040K, committed 1298432K, used 834685K [0x00000006ca000000, 0x0000000800000000)
  region size 4096K, 18 young (73728K), 4 survivors (16384K)
}
Event: 14.943 {heap After GC invocations=12 (full 0):
 garbage-first heap   total reserved 5079040K, committed 1298432K, used 836733K [0x00000006ca000000, 0x0000000800000000)
  region size 4096K, 3 young (12288K), 3 survivors (12288K)
}
Event: 15.721 {heap Before GC invocations=12 (full 0):
 garbage-first heap   total reserved 5079040K, committed 1298432K, used 1008765K [0x00000006ca000000, 0x0000000800000000)
  region size 4096K, 38 young (155648K), 3 survivors (12288K)
}
Event: 16.311 {heap After GC invocations=13 (full 0):
 garbage-first heap   total reserved 5079040K, committed 1298432K, used 1015808K [0x00000006ca000000, 0x0000000800000000)
  region size 4096K, 5 young (20480K), 5 survivors (20480K)
}
Event: 16.328 {heap Before GC invocations=13 (full 0):
 garbage-first heap   total reserved 5079040K, committed 1298432K, used 1101824K [0x00000006ca000000, 0x0000000800000000)
  region size 4096K, 26 young (106496K), 5 survivors (20480K)
}

